<?xml version="1.0" encoding="UTF-8"?>
<!-- Generated by org.testng.reporters.JUnitXMLReporter -->
<testsuite hostname="TechAviator-PC" name="RegSet1" tests="5" failures="2" timestamp="28 Apr 2017 07:18:07 GMT" time="50.177" errors="0">
  <testcase name="testInvalidLogin" time="3.432" classname="Scenario_component.Scenario_Login"/>
  <testcase name="testInvalidSearch" time="0.8" classname="Scenario_component.Scenario_Search"/>
  <testcase name="testValidSearch" time="1.717" classname="Scenario_component.Scenario_Search"/>
  <testcase name="testValidSearch" time="3.718" classname="Scenario_component.Scenario_Search">
    <failure type="java.lang.AssertionError" message="The following asserts failed:
null">
      <![CDATA[java.lang.AssertionError: The following asserts failed:
null
	at Scenario_component.Scenario_Search.testValidSearch(Scenario_Search.java:76)
... Removed 25 stack frames]]>
    </failure>
  </testcase> <!-- testValidSearch -->
  <testcase name="testValidSearch" time="1.986" classname="Scenario_component.Scenario_Search">
    <failure type="java.lang.AssertionError" message="The following asserts failed:
null">
      <![CDATA[java.lang.AssertionError: The following asserts failed:
null
	at Scenario_component.Scenario_Search.testValidSearch(Scenario_Search.java:76)
... Removed 25 stack frames]]>
    </failure>
  </testcase> <!-- testValidSearch -->
</testsuite> <!-- RegSet1 -->
